<?xml version="1.0" encoding="UTF-8"?>
<!-- Generated by org.testng.reporters.JUnitReportReporter -->
<testsuite hostname="Kapil-PC" failures="0" tests="6" name="TestngListeners.Practicejavascript" time="0.098" errors="0" timestamp="13 Apr 2019 06:47:19 GMT" skipped="0">
  <testcase classname="TestngListeners.Practicejavascript" name="Newdata1" time="0.005"/>
  <testcase classname="TestngListeners.Practicejavascript" name="Newdata" time="0.011"/>
  <testcase classname="TestngListeners.Practicejavascript" name="Newdata" time="0.028"/>
  <testcase classname="TestngListeners.Practicejavascript" name="Newdata1" time="0.003"/>
  <testcase classname="TestngListeners.Practicejavascript" name="Newdata" time="0.014"/>
  <testcase classname="TestngListeners.Practicejavascript" name="Newdata1" time="0.037"/>
</testsuite> <!-- TestngListeners.Practicejavascript -->
