<?xml version="1.0" encoding="UTF-8"?>
<!-- Generated by org.testng.reporters.JUnitReportReporter -->
<testsuite hostname="Kapil-PC" failures="0" tests="4" name="TestngListeners.DataProviderTestScript" time="0.046" errors="0" timestamp="27 Apr 2019 12:02:37 GMT" skipped="0">
  <testcase classname="TestngListeners.DataProviderTestScript" name="dataProvider" time="0.004"/>
  <testcase classname="TestngListeners.DataProviderTestScript" name="dataProvider" time="0.003"/>
  <testcase classname="TestngListeners.DataProviderTestScript" name="dataProvider" time="0.036"/>
  <testcase classname="TestngListeners.DataProviderTestScript" name="dataProvider" time="0.003"/>
</testsuite> <!-- TestngListeners.DataProviderTestScript -->
